[0m[[0m[0mdebug[0m] [0m[0m> Exec(update, None, None)[0m
[0m[[0m[0mdebug[0m] [0m[0mEvaluating tasks: update[0m
[0m[[0m[0mdebug[0m] [0m[0mRunning task... Cancel: Signal, check cycles: false, forcegc: true[0m
[0m[[0m[0minfo[0m] [0m[0mdownloading https://repo1.maven.org/maven2/it/unibo/scafi/scafi-core_3/1.1.5/scafi-core_3-1.1.5.pom[0m
[0m[[0m[0minfo[0m] [0m[0mdownloading https://repo1.maven.org/maven2/it/unibo/scafi/scafi-distributed_3/1.1.5/scafi-distributed_3-1.1.5.pom[0m
[0m[[0m[0minfo[0m] [0m[0mdownloading https://repo1.maven.org/maven2/it/unibo/scafi/scafi-simulator_3/1.1.5/scafi-simulator_3-1.1.5.pom[0m
[0m[[0m[0minfo[0m] [0m[0mdownloaded https://repo1.maven.org/maven2/it/unibo/scafi/scafi-distributed_3/1.1.5/scafi-distributed_3-1.1.5.pom[0m
[0m[[0m[0minfo[0m] [0m[0mdownloading https://repo1.maven.org/maven2/it/unibo/scafi/scafi-distributed_3/1.1.5/scafi-distributed_3-1.1.5.pom.sha1[0m
[0m[[0m[0minfo[0m] [0m[0mdownloaded https://repo1.maven.org/maven2/it/unibo/scafi/scafi-simulator_3/1.1.5/scafi-simulator_3-1.1.5.pom[0m
[0m[[0m[0minfo[0m] [0m[0mdownloading https://repo1.maven.org/maven2/it/unibo/scafi/scafi-simulator_3/1.1.5/scafi-simulator_3-1.1.5.pom.sha1[0m
[0m[[0m[0minfo[0m] [0m[0mdownloaded https://repo1.maven.org/maven2/it/unibo/scafi/scafi-distributed_3/1.1.5/scafi-distributed_3-1.1.5.pom.sha1[0m
[0m[[0m[0minfo[0m] [0m[0mdownloaded https://repo1.maven.org/maven2/it/unibo/scafi/scafi-simulator_3/1.1.5/scafi-simulator_3-1.1.5.pom.sha1[0m
[0m[[0m[0minfo[0m] [0m[0mdownloaded https://repo1.maven.org/maven2/it/unibo/scafi/scafi-core_3/1.1.5/scafi-core_3-1.1.5.pom[0m
[0m[[0m[0minfo[0m] [0m[0mdownloading https://repo1.maven.org/maven2/it/unibo/scafi/scafi-core_3/1.1.5/scafi-core_3-1.1.5.pom.sha1[0m
[0m[[0m[0minfo[0m] [0m[0mdownloaded https://repo1.maven.org/maven2/it/unibo/scafi/scafi-core_3/1.1.5/scafi-core_3-1.1.5.pom.sha1[0m
[0m[[0m[33mwarn[0m] [0m[0m[0m
[0m[[0m[33mwarn[0m] [0m[0m	Note: Unresolved dependencies path:[0m
[0m[[0m[31merror[0m] [0m[0msbt.librarymanagement.ResolveException: Error downloading it.unibo.scafi:scafi-core_3:1.1.5[0m
[0m[[0m[31merror[0m] [0m[0m  Not found[0m
[0m[[0m[31merror[0m] [0m[0m  Not found[0m
[0m[[0m[31merror[0m] [0m[0m  not found: /Users/elvisperlika/.ivy2/localit.unibo.scafi/scafi-core_3/1.1.5/ivys/ivy.xml[0m
[0m[[0m[31merror[0m] [0m[0m  not found: https://repo1.maven.org/maven2/it/unibo/scafi/scafi-core_3/1.1.5/scafi-core_3-1.1.5.pom[0m
[0m[[0m[31merror[0m] [0m[0mError downloading it.unibo.scafi:scafi-simulator_3:1.1.5[0m
[0m[[0m[31merror[0m] [0m[0m  Not found[0m
[0m[[0m[31merror[0m] [0m[0m  Not found[0m
[0m[[0m[31merror[0m] [0m[0m  not found: /Users/elvisperlika/.ivy2/localit.unibo.scafi/scafi-simulator_3/1.1.5/ivys/ivy.xml[0m
[0m[[0m[31merror[0m] [0m[0m  not found: https://repo1.maven.org/maven2/it/unibo/scafi/scafi-simulator_3/1.1.5/scafi-simulator_3-1.1.5.pom[0m
[0m[[0m[31merror[0m] [0m[0mError downloading it.unibo.scafi:scafi-distributed_3:1.1.5[0m
[0m[[0m[31merror[0m] [0m[0m  Not found[0m
[0m[[0m[31merror[0m] [0m[0m  Not found[0m
[0m[[0m[31merror[0m] [0m[0m  not found: /Users/elvisperlika/.ivy2/localit.unibo.scafi/scafi-distributed_3/1.1.5/ivys/ivy.xml[0m
[0m[[0m[31merror[0m] [0m[0m  not found: https://repo1.maven.org/maven2/it/unibo/scafi/scafi-distributed_3/1.1.5/scafi-distributed_3-1.1.5.pom[0m
[0m[[0m[31merror[0m] [0m[0m	at lmcoursier.CoursierDependencyResolution.unresolvedWarningOrThrow(CoursierDependencyResolution.scala:346)[0m
[0m[[0m[31merror[0m] [0m[0m	at lmcoursier.CoursierDependencyResolution.$anonfun$update$39(CoursierDependencyResolution.scala:315)[0m
[0m[[0m[31merror[0m] [0m[0m	at scala.util.Either$LeftProjection.map(Either.scala:573)[0m
[0m[[0m[31merror[0m] [0m[0m	at lmcoursier.CoursierDependencyResolution.update(CoursierDependencyResolution.scala:315)[0m
[0m[[0m[31merror[0m] [0m[0m	at sbt.librarymanagement.DependencyResolution.update(DependencyResolution.scala:60)[0m
[0m[[0m[31merror[0m] [0m[0m	at sbt.internal.LibraryManagement$.resolve$1(LibraryManagement.scala:60)[0m
[0m[[0m[31merror[0m] [0m[0m	at sbt.internal.LibraryManagement$.$anonfun$cachedUpdate$12(LibraryManagement.scala:142)[0m
[0m[[0m[31merror[0m] [0m[0m	at sbt.util.Tracked$.$anonfun$lastOutput$1(Tracked.scala:74)[0m
[0m[[0m[31merror[0m] [0m[0m	at sbt.internal.LibraryManagement$.$anonfun$cachedUpdate$11(LibraryManagement.scala:144)[0m
[0m[[0m[31merror[0m] [0m[0m	at sbt.internal.LibraryManagement$.$anonfun$cachedUpdate$11$adapted(LibraryManagement.scala:131)[0m
[0m[[0m[31merror[0m] [0m[0m	at sbt.util.Tracked$.$anonfun$inputChangedW$1(Tracked.scala:220)[0m
[0m[[0m[31merror[0m] [0m[0m	at sbt.internal.LibraryManagement$.cachedUpdate(LibraryManagement.scala:169)[0m
[0m[[0m[31merror[0m] [0m[0m	at sbt.Classpaths$.$anonfun$updateTask0$1(Defaults.scala:3867)[0m
[0m[[0m[31merror[0m] [0m[0m	at scala.Function1.$anonfun$compose$1(Function1.scala:49)[0m
[0m[[0m[31merror[0m] [0m[0m	at sbt.internal.util.$tilde$greater.$anonfun$$u2219$1(TypeFunctions.scala:63)[0m
[0m[[0m[31merror[0m] [0m[0m	at sbt.std.Transform$$anon$4.work(Transform.scala:69)[0m
[0m[[0m[31merror[0m] [0m[0m	at sbt.Execute.$anonfun$submit$2(Execute.scala:283)[0m
[0m[[0m[31merror[0m] [0m[0m	at sbt.internal.util.ErrorHandling$.wideConvert(ErrorHandling.scala:24)[0m
[0m[[0m[31merror[0m] [0m[0m	at sbt.Execute.work(Execute.scala:292)[0m
[0m[[0m[31merror[0m] [0m[0m	at sbt.Execute.$anonfun$submit$1(Execute.scala:283)[0m
[0m[[0m[31merror[0m] [0m[0m	at sbt.ConcurrentRestrictions$$anon$4.$anonfun$submitValid$1(ConcurrentRestrictions.scala:265)[0m
[0m[[0m[31merror[0m] [0m[0m	at sbt.CompletionService$$anon$2.call(CompletionService.scala:65)[0m
[0m[[0m[31merror[0m] [0m[0m	at java.base/java.util.concurrent.FutureTask.run(FutureTask.java:317)[0m
[0m[[0m[31merror[0m] [0m[0m	at java.base/java.util.concurrent.Executors$RunnableAdapter.call(Executors.java:572)[0m
[0m[[0m[31merror[0m] [0m[0m	at java.base/java.util.concurrent.FutureTask.run(FutureTask.java:317)[0m
[0m[[0m[31merror[0m] [0m[0m	at java.base/java.util.concurrent.ThreadPoolExecutor.runWorker(ThreadPoolExecutor.java:1144)[0m
[0m[[0m[31merror[0m] [0m[0m	at java.base/java.util.concurrent.ThreadPoolExecutor$Worker.run(ThreadPoolExecutor.java:642)[0m
[0m[[0m[31merror[0m] [0m[0m	at java.base/java.lang.Thread.run(Thread.java:1575)[0m
[0m[[0m[31merror[0m] [0m[0m([31mupdate[0m) sbt.librarymanagement.ResolveException: Error downloading it.unibo.scafi:scafi-core_3:1.1.5[0m
[0m[[0m[31merror[0m] [0m[0m  Not found[0m
[0m[[0m[31merror[0m] [0m[0m  Not found[0m
[0m[[0m[31merror[0m] [0m[0m  not found: /Users/elvisperlika/.ivy2/localit.unibo.scafi/scafi-core_3/1.1.5/ivys/ivy.xml[0m
[0m[[0m[31merror[0m] [0m[0m  not found: https://repo1.maven.org/maven2/it/unibo/scafi/scafi-core_3/1.1.5/scafi-core_3-1.1.5.pom[0m
[0m[[0m[31merror[0m] [0m[0mError downloading it.unibo.scafi:scafi-simulator_3:1.1.5[0m
[0m[[0m[31merror[0m] [0m[0m  Not found[0m
[0m[[0m[31merror[0m] [0m[0m  Not found[0m
[0m[[0m[31merror[0m] [0m[0m  not found: /Users/elvisperlika/.ivy2/localit.unibo.scafi/scafi-simulator_3/1.1.5/ivys/ivy.xml[0m
[0m[[0m[31merror[0m] [0m[0m  not found: https://repo1.maven.org/maven2/it/unibo/scafi/scafi-simulator_3/1.1.5/scafi-simulator_3-1.1.5.pom[0m
[0m[[0m[31merror[0m] [0m[0mError downloading it.unibo.scafi:scafi-distributed_3:1.1.5[0m
[0m[[0m[31merror[0m] [0m[0m  Not found[0m
[0m[[0m[31merror[0m] [0m[0m  Not found[0m
[0m[[0m[31merror[0m] [0m[0m  not found: /Users/elvisperlika/.ivy2/localit.unibo.scafi/scafi-distributed_3/1.1.5/ivys/ivy.xml[0m
[0m[[0m[31merror[0m] [0m[0m  not found: https://repo1.maven.org/maven2/it/unibo/scafi/scafi-distributed_3/1.1.5/scafi-distributed_3-1.1.5.pom[0m
[0m[[0m[31merror[0m] [0m[0mTotal time: 1 s, completed 16 Oct 2024, 11:59:44[0m
[0m[[0m[0mdebug[0m] [0m[0m> Exec(idea-shell, None, None)[0m
